This is XeTeX, Version 3.1415926-2.5-0.9999.3 (TeX Live 2013) (format=xelatex 2013.10.3)  19 DEC 2013 14:19
entering extended mode
 restricted \write18 enabled.
 %&-line parsing enabled.
**agbib.bib
(./agbib.bib
LaTeX2e <2011/06/27>
Babel <3.9f> and hyphenation patterns for 78 languages loaded.

! LaTeX Error: Missing \begin{document}.

See the LaTeX manual or LaTeX Companion for explanation.
Type  H <return>  for immediate help.
 ...                                              
                                                  
l.4 @
     techreport{standup,
? x
 
Here is how much of TeX's memory you used:
 6 strings out of 493934
 171 string characters out of 6148803
 51973 words of memory out of 5000000
 3412 multiletter control sequences out of 15000+600000
 3640 words of font info for 14 fonts, out of 8000000 for 9000
 1144 hyphenation exceptions out of 8191
 5i,0n,4p,66b,14s stack positions out of 5000i,500n,10000p,200000b,80000s
No pages of output.
